1530709591068	geckodriver	INFO	geckodriver 0.21.0
1530709591082	geckodriver	INFO	Listening on 127.0.0.1:64291
1530709594151	mozrunner::runner	INFO	Running command: "C:\\Program Files\\Mozilla Firefox\\firefox.exe" "-marionette" "-foreground" "-no-remote" "-profile" "C:\\Users\\Gaditek\\AppData\\Local\\Temp\\rust_mozprofile.FWXI4SFXxbUk"
Unable to read VR Path Registry from C:\Users\Gaditek\AppData\Local\openvr\openvrpaths.vrpath
Unable to read VR Path Registry from C:\Users\Gaditek\AppData\Local\openvr\openvrpaths.vrpath
Unable to read VR Path Registry from C:\Users\Gaditek\AppData\Local\openvr\openvrpaths.vrpath
Unable to read VR Path Registry from C:\Users\Gaditek\AppData\Local\openvr\openvrpaths.vrpath
Unable to read VR Path Registry from C:\Users\Gaditek\AppData\Local\openvr\openvrpaths.vrpath
1530709600192	Marionette	INFO	Listening on port 64307
1530709600360	Marionette	WARN	TLS certificate errors will be ignored for this session
JavaScript error: , line 0: uncaught exception: FirebaseError: Messaging: Please ensure that 'messagingSenderId' is set correctly in the options passed into firebase.initializeApp(). (messaging/bad-sender-id).
[Child 10684, Chrome_ChildThread] WARNING: pipe error: 109: file z:/build/build/src/ipc/chromium/src/chrome/common/ipc_channel_win.cc, line 346
[Child 1[Parent 13812, Gecko_IOThread] WARNING: pipe error: 109: file z:/build/build/src/ipc/chromium/src/chrome/common/ipc_channel_win.cc, line 346
*** UTM:SVC TimerManager:registerTimer called after profile-before-change notification. Ignoring timer registration for id: telemetry_modules_ping
[GPU 10900, 
###!!! [Child][MessageChannel::SendAndWait] Error: Channel error: cannot send/recv

1530715823727	geckodriver	INFO	geckodriver 0.21.0
1530715823740	geckodriver	INFO	Listening on 127.0.0.1:57738
1530715826789	mozrunner::runner	INFO	Running command: "C:\\Program Files\\Mozilla Firefox\\firefox.exe" "-marionette" "-foreground" "-no-remote" "-profile" "C:\\Users\\Gaditek\\AppData\\Local\\Temp\\rust_mozprofile.kEsHBQOgYD3m"
Unable to read VR Path Registry from C:\Users\Gaditek\AppData\Local\openvr\openvrpaths.vrpath
Unable to read VR Path Registry from C:\Users\Gaditek\AppData\Local\openvr\openvrpaths.vrpath
Unable to read VR Path Registry from C:\Users\Gaditek\AppData\Local\openvr\openvrpaths.vrpath
Unable to read VR Path Registry from C:\Users\Gaditek\AppData\Local\openvr\openvrpaths.vrpath
Unable to read VR Path Registry from C:\Users\Gaditek\AppData\Local\openvr\openvrpaths.vrpath
1530715832611	Marionette	INFO	Listening on port 57751
1530715832948	Marionette	WARN	TLS certificate errors will be ignored for this session
[Parent 15140, Gecko_IOThread] WARNING: pipe error: 109: file z:/build/build/src/ipc/chromium/src/chrome/common/ipc_channel_win.cc, line 346
[Parent 15140, Gecko_IOThread] WARNING: pipe error: 109: file z:/build/build/src/ipc/chromium/src/chrome/common/ipc_channel_win.cc, line 346
[Child 7724, Chrome_ChildThread] WARNING: pipe error: 109: file z:/build/build/src/ipc/chromium/src/chrome/common/ipc_channel_win.cc, line 346
[Child 7724, Chrome_ChildThread] WARNING: pipe error: 109: file z:/build/build/s[Parent 15140, Gecko_IOThread] WARNING: pipe error: 109: file z:/build/build/src/ipc/chromium/src/chrome/common/ipc_channel_win.cc, line 346
[GPU 845
###!!! [Child][MessageChannel::SendAndWait] Error: Channel error: cannot send/recv

stry from C:\Users\Gaditek\AppData\Local\openvr\openvrpaths.vrpath
1530715904619	Marionette	INFO	Listening on port 57907
1530715904762	Marionette	WARN	TLS certificate errors will be ignored for this session
[Parent 12784, Gecko_IOThread] WARNING: pipe error: 109: file z:/build/build/src/ipc/chromium/src/chrome/common/ipc_channel_win.cc, line 346
[Parent 12784, Gecko_IOThread] WARNING: pipe error: 109: file z:/build/build/src/ipc/chromium/src/chrome/common/ipc_channel_win.cc, line 346
1530715954801	addons.productaddons	WARN	Failed downloading via XHR, status: 0, reason: error
[Child 14580, Chrome_ChildThread] WARNING: pipe error: 109: file z:/build/build/src/ipc/chromium/src/chrome/common/ipc_channel_win.cc, line 346
[Child 1283[6, CChrome_ChildThread] WARNING: pipe error: 109: file z:/build/build/src/ipc/chromium/src/chrome/common/ipc_channel_win.cc, line 346
[Child[Parent 12784, Gecko_IOThread] WARNING: pipe error: 109: file z:/build/build/src/ipc/chromium/src/chrome/common/ipc_channel_win.cc, line 346
[Ch*** UTM:SVC TimerManager:registerTimer called after profile-before-change notification. Ignoring timer registration for id: telemetry_modules_ping
[GPU 5396, 
###!!! [Child][MessageChannel::SendAndWait] Error: Channel error: cannot send/recv

1530716194791	geckodriver	INFO	geckodriver 0.21.0
1530716194807	geckodriver	INFO	Listening on 127.0.0.1:58498
1530716197847	mozrunner::runner	INFO	Running command: "C:\\Program Files\\Mozilla Firefox\\firefox.exe" "-marionette" "-foreground" "-no-remote" "-profile" "C:\\Users\\Gaditek\\AppData\\Local\\Temp\\rust_mozprofile.soEmm7udgoHu"
Unable to read VR Path Registry from C:\Users\Gaditek\AppData\Local\openvr\openvrpaths.vrpath
Unable to read VR Path Registry from C:\Users\Gaditek\AppData\Local\openvr\openvrpaths.vrpath
Unable to read VR Path Registry from C:\Users\Gaditek\AppData\Local\openvr\openvrpaths.vrpath
Unable to read VR Path Registry from C:\Users\Gaditek\AppData\Local\openvr\openvrpaths.vrpath
Unable to read VR Path Registry from C:\Users\Gaditek\AppData\Local\openvr\openvrpaths.vrpath
1530716202210	Marionette	INFO	Listening on port 58510
1530716202221	Marionette	WARN	TLS certificate errors will be ignored for this session
[Child 9764, Chrome_ChildThread] WARNING: pipe error: 109: file z:/build/build/src/ipc/chromium/src/chrome/common/ipc_channel_win.cc, line 346
[Child 9764[Child 12268, Chrome_ChildThread] WARNING: pipe error: 109: file z:/build/build/src/ipc/chromium/src/chrome/common/ipc_channel_win.cc, line 346
[Child 12268, Chrome_ChildThread] WARNING: pipe error: 109: file z:/build/build/s[Parent 12912, Gecko_IOThread] WARNING: pipe error: 109: file z:/build/build/src/ipc/chromium/src/chrome/common/ipc_channel_win.cc, line 346
*** UTM:SVC TimerManager:registerTimer called after profile-before-change notification. Ignoring timer registration for id: telemetry_modules_ping

###!!! [Child][MessageChannel::SendAndWait] Error: Channel error: cannot send/recv

1530716732242	geckodriver	INFO	geckodriver 0.21.0
1530716732254	geckodriver	INFO	Listening on 127.0.0.1:59430
1530716735283	mozrunner::runner	INFO	Running command: "C:\\Program Files\\Mozilla Firefox\\firefox.exe" "-marionette" "-foreground" "-no-remote" "-profile" "C:\\Users\\Gaditek\\AppData\\Local\\Temp\\rust_mozprofile.JSdyIZvjWxgk"
Unable to read VR Path Registry from C:\Users\Gaditek\AppData\Local\openvr\openvrpaths.vrpath
Unable to read VR Path Registry from C:\Users\Gaditek\AppData\Local\openvr\openvrpaths.vrpath
Unable to read VR Path Registry from C:\Users\Gaditek\AppData\Local\openvr\openvrpaths.vrpath
Unable to read VR Path Registry from C:\Users\Gaditek\AppData\Local\openvr\openvrpaths.vrpath
Unable to read VR Path Registry from C:\Users\Gaditek\AppData\Local\openvr\openvrpaths.vrpath
1530716739115	Marionette	INFO	Listening on port 59442
1530716739197	Marionette	WARN	TLS certificate errors will be ignored for this session
[Parent 7460, Gecko_IOThread] WARNING: pipe error: 109: file z:/build/build/src/ipc/chromium/src/chrome/common/ipc_channel_win.cc, line 346
[Child 6844, Chrome_ChildThread] WARNING: pipe error: 109: file z:/build/build/src/ipc/chromium/src/chrome/common/ipc_channel_win.cc, line 346
[Ch[Child 8828, Chrome_ChildThread] WARNING: pipe error: 109: file z:/build/build/src/ipc/chromium/src/chrome/common/ipc_channel_win.cc, line 346
[Child 8828, Chrome_ChildThread] WARNING: p[Parent 7460, Gecko_IOThread] WARNING: pipe error: 109: file z:/build/build/src/ipc/chromium/src/chrome/common/ipc_channel_win.cc, line 346
[Child 14032, Chrome_ChildThread] WARNING: pipe error: 109: file z:/build/build/src/ipc/chromium/src/chrome/common/ipc_channel_win.cc, line 346
[Child 14032, Chrome_ChildThread] WARNING: pipe error: 109: file z:/build/build/src/ipc/chromium/src/chrome/*** UTM:SVC TimerManager:registerTimer called after profile-before-change notification. Ignoring timer registration for id: telemetry_modules_ping
[GPU 7972
###!!! [Child][MessageChannel::SendAndWait] Error: Channel error: cannot send/recv

